<?xml version="1.0" encoding="UTF-8"?>
<!-- Generated by org.testng.reporters.JUnitXMLReporter -->
<testsuite ignored="2" hostname="DESKTOP-R53ADIM" failures="0" tests="1" name="Surefire test" time="8.064" errors="0" timestamp="2023-09-22T15:19:50 BDT">
  <testcase classname="com.WMC.login.LoginTest" name="login" time="7.998"/>
  <testcase classname="com.WMC.base.TestBase" name="@BeforeSuite setUP" time="0.0">
    <ignored/>
  </testcase> <!-- @BeforeSuite setUP -->
  <testcase classname="com.WMC.base.TestBase" name="@AfterSuite tearDown" time="0.0">
    <ignored/>
  </testcase> <!-- @AfterSuite tearDown -->
</testsuite> <!-- Surefire test -->
