<?xml version="1.0" encoding="UTF-8"?>
<!-- Generated by org.testng.reporters.JUnitXMLReporter -->
<testsuite ignored="8" hostname="DESKTOP-MP46UDD" failures="0" tests="6" name="Case Center Case creation For Collective Invoice" time="330.461" errors="0" timestamp="2024-10-07T11:01:29 BDT">
  <testcase classname="com.IPEX.login.CaseCenterLoginTest" name="AdminloginPerform" time="18.159"/>
  <testcase classname="com.IPEX.testcasesForUploadCaseCollectiveInvoice.CaseCenterCollectiveInvoiceCase" name="createManualCase" time="27.915"/>
  <testcase classname="com.IPEX.testcasesForUploadCaseCollectiveInvoice.CaseCenterCollectiveInvoiceCase" name="AdminloginPerform" time="14.367"/>
  <testcase classname="com.IPEX.testcasesForUploadCaseCollectiveInvoice.UploadCaseCreate" name="createManualCase" time="71.917"/>
  <testcase classname="com.IPEX.testcasesForUploadCaseCollectiveInvoice.UploadInspectorAction" name="InspectorAction" time="106.254"/>
  <testcase classname="com.IPEX.testcasesForUploadCaseCollectiveInvoice.UploadAdminReportSend" name="adminSendInvoice" time="91.475"/>
  <testcase classname="com.IPEX.base.TestBase" name="@BeforeSuite setUP" time="0.0">
    <ignored/>
  </testcase> <!-- @BeforeSuite setUP -->
  <testcase classname="com.IPEX.base.TestBase" name="@BeforeSuite setUP" time="0.0">
    <ignored/>
  </testcase> <!-- @BeforeSuite setUP -->
  <testcase classname="com.IPEX.base.TestBase" name="@AfterSuite tearDown" time="0.0">
    <ignored/>
  </testcase> <!-- @AfterSuite tearDown -->
  <testcase classname="com.IPEX.base.TestBase" name="@BeforeSuite setUP" time="0.0">
    <ignored/>
  </testcase> <!-- @BeforeSuite setUP -->
  <testcase classname="com.IPEX.base.TestBase" name="@AfterSuite tearDown" time="0.0">
    <ignored/>
  </testcase> <!-- @AfterSuite tearDown -->
  <testcase classname="com.IPEX.base.TestBase" name="@BeforeSuite setUP" time="0.0">
    <ignored/>
  </testcase> <!-- @BeforeSuite setUP -->
  <testcase classname="com.IPEX.base.TestBase" name="@AfterSuite tearDown" time="0.0">
    <ignored/>
  </testcase> <!-- @AfterSuite tearDown -->
  <testcase classname="com.IPEX.base.TestBase" name="@AfterSuite tearDown" time="0.0">
    <ignored/>
  </testcase> <!-- @AfterSuite tearDown -->
</testsuite> <!-- Case Center Case creation For Collective Invoice -->
