<?xml version="1.0" encoding="UTF-8"?>
<!-- Generated by org.testng.reporters.JUnitXMLReporter -->
<testsuite ignored="8" hostname="DESKTOP-MP46UDD" failures="0" tests="6" name="Case Center Case creation For Collective Invoice" time="376.993" errors="0" timestamp="2024-11-04T15:10:38 BDT">
  <testcase classname="com.IPEX.login.CaseCenterLoginTest" name="AdminloginPerform" time="18.721"/>
  <testcase classname="com.IPEX.testcasesForUploadCaseCollectiveInvoice.CaseCenterCollectiveInvoiceCase" name="createManualCase" time="34.051"/>
  <testcase classname="com.IPEX.testcasesForUploadCaseCollectiveInvoice.CaseCenterCollectiveInvoiceCase" name="AdminloginPerform" time="16.304"/>
  <testcase classname="com.IPEX.testcasesForUploadCaseCollectiveInvoice.UploadCaseCreate" name="createManualCase" time="82.203"/>
  <testcase classname="com.IPEX.testcasesForUploadCaseCollectiveInvoice.UploadInspectorAction" name="InspectorAction" time="117.062"/>
  <testcase classname="com.IPEX.testcasesForUploadCaseCollectiveInvoice.UploadAdminReportSend" name="adminSendInvoice" time="108.354"/>
  <testcase classname="com.IPEX.base.TestBase" name="@BeforeSuite setUP" time="0.0">
    <ignored/>
  </testcase> <!-- @BeforeSuite setUP -->
  <testcase classname="com.IPEX.base.TestBase" name="@BeforeSuite setUP" time="0.0">
    <ignored/>
  </testcase> <!-- @BeforeSuite setUP -->
  <testcase classname="com.IPEX.base.TestBase" name="@AfterSuite tearDown" time="0.0">
    <ignored/>
  </testcase> <!-- @AfterSuite tearDown -->
  <testcase classname="com.IPEX.base.TestBase" name="@BeforeSuite setUP" time="0.0">
    <ignored/>
  </testcase> <!-- @BeforeSuite setUP -->
  <testcase classname="com.IPEX.base.TestBase" name="@AfterSuite tearDown" time="0.0">
    <ignored/>
  </testcase> <!-- @AfterSuite tearDown -->
  <testcase classname="com.IPEX.base.TestBase" name="@BeforeSuite setUP" time="0.0">
    <ignored/>
  </testcase> <!-- @BeforeSuite setUP -->
  <testcase classname="com.IPEX.base.TestBase" name="@AfterSuite tearDown" time="0.0">
    <ignored/>
  </testcase> <!-- @AfterSuite tearDown -->
  <testcase classname="com.IPEX.base.TestBase" name="@AfterSuite tearDown" time="0.0">
    <ignored/>
  </testcase> <!-- @AfterSuite tearDown -->
</testsuite> <!-- Case Center Case creation For Collective Invoice -->
