<?xml version="1.0" encoding="UTF-8"?>
<!-- Generated by org.testng.reporters.JUnitXMLReporter -->
<testsuite ignored="4" hostname="DESKTOP-5V9BS6T" failures="0" tests="3" name="ContractsTest" time="121.384" errors="0" timestamp="2023-06-21T10:54:24 BDT">
  <testcase classname="com.WMC.login.LoginTest" name="login" time="12.215"/>
  <testcase classname="com.WMC.testcasesContracts.AddInvoice" name="goContractsPage" time="60.461"/>
  <testcase classname="com.WMC.testcasesContracts.UpdateInvoice" name="UpdateInvoices" time="48.557"/>
  <testcase classname="com.WMC.base.TestBase" name="@AfterSuite tearDown" time="0.0">
    <ignored/>
  </testcase> <!-- @AfterSuite tearDown -->
  <testcase classname="com.WMC.base.TestBase" name="@AfterSuite tearDown" time="0.0">
    <ignored/>
  </testcase> <!-- @AfterSuite tearDown -->
  <testcase classname="com.WMC.base.TestBase" name="@BeforeSuite setUP" time="0.0">
    <ignored/>
  </testcase> <!-- @BeforeSuite setUP -->
  <testcase classname="com.WMC.base.TestBase" name="@BeforeSuite setUP" time="0.0">
    <ignored/>
  </testcase> <!-- @BeforeSuite setUP -->
</testsuite> <!-- ContractsTest -->
