<?xml version="1.0" encoding="UTF-8"?>
<!-- Generated by org.testng.reporters.JUnitXMLReporter -->
<testsuite ignored="4" hostname="DESKTOP-R53ADIM" failures="0" tests="3" name="Leads Test" time="140.67" errors="0" timestamp="2023-07-17T17:31:43 BDT">
  <testcase classname="com.WMC.login.LoginTest" name="login" time="10.999"/>
  <testcase classname="com.WMC.testcasesLeads.AddLeads" name="goLeadsPage" time="59.292"/>
  <testcase classname="com.WMC.testcasesLeads.UpdateLeads" name="UpdateLead" time="70.338"/>
  <testcase classname="com.WMC.base.TestBase" name="@BeforeSuite setUP" time="0.0">
    <ignored/>
  </testcase> <!-- @BeforeSuite setUP -->
  <testcase classname="com.WMC.base.TestBase" name="@BeforeSuite setUP" time="0.0">
    <ignored/>
  </testcase> <!-- @BeforeSuite setUP -->
  <testcase classname="com.WMC.base.TestBase" name="@AfterSuite tearDown" time="0.0">
    <ignored/>
  </testcase> <!-- @AfterSuite tearDown -->
  <testcase classname="com.WMC.base.TestBase" name="@AfterSuite tearDown" time="0.0">
    <ignored/>
  </testcase> <!-- @AfterSuite tearDown -->
</testsuite> <!-- Leads Test -->
