<?xml version="1.0" encoding="UTF-8"?>
<!-- Generated by org.testng.reporters.JUnitXMLReporter -->
<testsuite ignored="6" hostname="DESKTOP-MP46UDD" failures="0" tests="4" name="Mailed Case Create Test For Collective Invoice" time="272.756" errors="0" timestamp="2024-10-07T12:00:48 BDT">
  <testcase classname="com.IPEX.login.AdminLoginTest" name="AdminloginPerform" time="10.527"/>
  <testcase classname="com.IPEX.testcasesForMailedCaseCreateCollectiveInvoice.MailedCaseCI" name="createManualCase" time="79.396"/>
  <testcase classname="com.IPEX.testcasesForMailedCaseCreateCollectiveInvoice.InspectorActionMailedCase" name="InspectorAction" time="95.523"/>
  <testcase classname="com.IPEX.testcasesForMailedCaseCreateCollectiveInvoice.AdminReportSendForMailedCase" name="adminSendInvoice" time="87.169"/>
  <testcase classname="com.IPEX.base.TestBase" name="@BeforeSuite setUP" time="0.0">
    <ignored/>
  </testcase> <!-- @BeforeSuite setUP -->
  <testcase classname="com.IPEX.base.TestBase" name="@BeforeSuite setUP" time="0.0">
    <ignored/>
  </testcase> <!-- @BeforeSuite setUP -->
  <testcase classname="com.IPEX.base.TestBase" name="@AfterSuite tearDown" time="0.0">
    <ignored/>
  </testcase> <!-- @AfterSuite tearDown -->
  <testcase classname="com.IPEX.base.TestBase" name="@BeforeSuite setUP" time="0.0">
    <ignored/>
  </testcase> <!-- @BeforeSuite setUP -->
  <testcase classname="com.IPEX.base.TestBase" name="@AfterSuite tearDown" time="0.0">
    <ignored/>
  </testcase> <!-- @AfterSuite tearDown -->
  <testcase classname="com.IPEX.base.TestBase" name="@AfterSuite tearDown" time="0.0">
    <ignored/>
  </testcase> <!-- @AfterSuite tearDown -->
</testsuite> <!-- Mailed Case Create Test For Collective Invoice -->
