<?xml version="1.0" encoding="UTF-8"?>
<!-- Generated by org.testng.reporters.JUnitXMLReporter -->
<testsuite ignored="6" hostname="DESKTOP-MP46UDD" failures="0" tests="4" name="Mailed Case Create Test For Single Invoice" time="249.579" errors="0" timestamp="2024-10-07T12:10:15 BDT">
  <testcase classname="com.IPEX.login.AdminLoginTest" name="AdminloginPerform" time="10.578"/>
  <testcase classname="com.IPEX.testcasesForMailedCaseCreateSingleInvoice.MailedCase" name="createManualCase" time="76.477"/>
  <testcase classname="com.IPEX.testcasesForMailedCaseCreateSingleInvoice.InspectorActionMailedCase" name="InspectorAction" time="104.571"/>
  <testcase classname="com.IPEX.testcasesForMailedCaseCreateSingleInvoice.AdminReportSendForMailedCase" name="adminSendInvoice" time="57.828"/>
  <testcase classname="com.IPEX.base.TestBase" name="@BeforeSuite setUP" time="0.0">
    <ignored/>
  </testcase> <!-- @BeforeSuite setUP -->
  <testcase classname="com.IPEX.base.TestBase" name="@BeforeSuite setUP" time="0.0">
    <ignored/>
  </testcase> <!-- @BeforeSuite setUP -->
  <testcase classname="com.IPEX.base.TestBase" name="@AfterSuite tearDown" time="0.0">
    <ignored/>
  </testcase> <!-- @AfterSuite tearDown -->
  <testcase classname="com.IPEX.base.TestBase" name="@BeforeSuite setUP" time="0.0">
    <ignored/>
  </testcase> <!-- @BeforeSuite setUP -->
  <testcase classname="com.IPEX.base.TestBase" name="@AfterSuite tearDown" time="0.0">
    <ignored/>
  </testcase> <!-- @AfterSuite tearDown -->
  <testcase classname="com.IPEX.base.TestBase" name="@AfterSuite tearDown" time="0.0">
    <ignored/>
  </testcase> <!-- @AfterSuite tearDown -->
</testsuite> <!-- Mailed Case Create Test For Single Invoice -->
