<?xml version="1.0" encoding="UTF-8"?>
<!-- Generated by org.testng.reporters.JUnitXMLReporter -->
<testsuite ignored="6" hostname="DESKTOP-MP46UDD" failures="0" tests="4" name="Mailed Case Create Test For Collective Invoice" time="278.137" errors="0" timestamp="2024-10-08T10:06:21 BDT">
  <testcase classname="com.IPEX.login.AdminLoginTest" name="AdminloginPerform" time="10.603"/>
  <testcase classname="com.IPEX.testcasesForMailedCaseCreateCollectiveInvoice.MailedCaseCI" name="createManualCase" time="83.386"/>
  <testcase classname="com.IPEX.testcasesForMailedCaseCreateCollectiveInvoice.InspectorActionMailedCase" name="InspectorAction" time="97.408"/>
  <testcase classname="com.IPEX.testcasesForMailedCaseCreateCollectiveInvoice.AdminReportSendForMailedCase" name="adminSendInvoice" time="86.628"/>
  <testcase classname="com.IPEX.base.TestBase" name="@BeforeSuite setUP" time="0.0">
    <ignored/>
  </testcase> <!-- @BeforeSuite setUP -->
  <testcase classname="com.IPEX.base.TestBase" name="@BeforeSuite setUP" time="0.0">
    <ignored/>
  </testcase> <!-- @BeforeSuite setUP -->
  <testcase classname="com.IPEX.base.TestBase" name="@AfterSuite tearDown" time="0.0">
    <ignored/>
  </testcase> <!-- @AfterSuite tearDown -->
  <testcase classname="com.IPEX.base.TestBase" name="@BeforeSuite setUP" time="0.0">
    <ignored/>
  </testcase> <!-- @BeforeSuite setUP -->
  <testcase classname="com.IPEX.base.TestBase" name="@AfterSuite tearDown" time="0.0">
    <ignored/>
  </testcase> <!-- @AfterSuite tearDown -->
  <testcase classname="com.IPEX.base.TestBase" name="@AfterSuite tearDown" time="0.0">
    <ignored/>
  </testcase> <!-- @AfterSuite tearDown -->
</testsuite> <!-- Mailed Case Create Test For Collective Invoice -->
