<?xml version="1.0" encoding="UTF-8"?>
<!-- Generated by org.testng.reporters.JUnitXMLReporter -->
<testsuite ignored="6" hostname="DESKTOP-MP46UDD" failures="0" tests="4" name="Mailed Case Create Test For Single Invoice" time="299.723" errors="0" timestamp="2024-11-04T15:00:01 BDT">
  <testcase classname="com.IPEX.login.AdminLoginTest" name="AdminloginPerform" time="12.209"/>
  <testcase classname="com.IPEX.testcasesForMailedCaseCreateSingleInvoice.MailedCase" name="createManualCase" time="101.709"/>
  <testcase classname="com.IPEX.testcasesForMailedCaseCreateSingleInvoice.InspectorActionMailedCase" name="InspectorAction" time="122.678"/>
  <testcase classname="com.IPEX.testcasesForMailedCaseCreateSingleInvoice.AdminReportSendForMailedCase" name="adminSendInvoice" time="62.937"/>
  <testcase classname="com.IPEX.base.TestBase" name="@BeforeSuite setUP" time="0.0">
    <ignored/>
  </testcase> <!-- @BeforeSuite setUP -->
  <testcase classname="com.IPEX.base.TestBase" name="@BeforeSuite setUP" time="0.0">
    <ignored/>
  </testcase> <!-- @BeforeSuite setUP -->
  <testcase classname="com.IPEX.base.TestBase" name="@AfterSuite tearDown" time="0.0">
    <ignored/>
  </testcase> <!-- @AfterSuite tearDown -->
  <testcase classname="com.IPEX.base.TestBase" name="@BeforeSuite setUP" time="0.0">
    <ignored/>
  </testcase> <!-- @BeforeSuite setUP -->
  <testcase classname="com.IPEX.base.TestBase" name="@AfterSuite tearDown" time="0.0">
    <ignored/>
  </testcase> <!-- @AfterSuite tearDown -->
  <testcase classname="com.IPEX.base.TestBase" name="@AfterSuite tearDown" time="0.0">
    <ignored/>
  </testcase> <!-- @AfterSuite tearDown -->
</testsuite> <!-- Mailed Case Create Test For Single Invoice -->
