<?xml version="1.0" encoding="UTF-8"?>
<!-- Generated by org.testng.reporters.JUnitXMLReporter -->
<testsuite ignored="4" hostname="DESKTOP-MP46UDD" failures="0" tests="4" name="Manual_File_Convert_Test" time="99.395" errors="0" timestamp="2024-11-04T11:18:25 BDT">
  <testcase classname="com.IPEX.login.CaseCenterLoginTest" name="AdminloginPerform" time="17.195"/>
  <testcase classname="com.IPEX.testcasesFileConvert.CaseCenterFileConvert" name="createManualCase" time="53.187"/>
  <testcase classname="com.IPEX.testcasesFileConvert.CaseCenterFileConvert" name="AdminloginPerform" time="14.531"/>
  <testcase classname="com.IPEX.testcasesFileConvert.UpCaseFileConvert" name="createManualCase" time="14.344"/>
  <testcase classname="com.IPEX.base.TestBase" name="@AfterSuite tearDown" time="0.0">
    <ignored/>
  </testcase> <!-- @AfterSuite tearDown -->
  <testcase classname="com.IPEX.base.TestBase" name="@BeforeSuite setUP" time="0.0">
    <ignored/>
  </testcase> <!-- @BeforeSuite setUP -->
  <testcase classname="com.IPEX.base.TestBase" name="@BeforeSuite setUP" time="0.0">
    <ignored/>
  </testcase> <!-- @BeforeSuite setUP -->
  <testcase classname="com.IPEX.base.TestBase" name="@AfterSuite tearDown" time="0.0">
    <ignored/>
  </testcase> <!-- @AfterSuite tearDown -->
</testsuite> <!-- Manual_File_Convert_Test -->
