<?xml version="1.0" encoding="UTF-8"?>
<!-- Generated by org.testng.reporters.JUnitXMLReporter -->
<testsuite hostname="DESKTOP-5V9BS6T" ignored="4" name="WMC Login Test" tests="2" failures="0" timestamp="2023-02-15T17:04:16 BDT" time="62.389" errors="0">
  <testcase name="login" time="11.46" classname="com.WMC.testcases.LoginTest"/>
  <testcase name="goContactPage" time="50.896" classname="com.WMC.testcases.AddTask"/>
  <testcase name="@BeforeSuite setUP" time="0.0" classname="com.WMC.base.TestBase">
    <ignored/>
  </testcase> <!-- @BeforeSuite setUP -->
  <testcase name="@AfterSuite tearDown" time="0.0" classname="com.WMC.base.TestBase">
    <ignored/>
  </testcase> <!-- @AfterSuite tearDown -->
  <testcase name="@BeforeSuite setUP" time="0.0" classname="com.WMC.base.TestBase">
    <ignored/>
  </testcase> <!-- @BeforeSuite setUP -->
  <testcase name="@AfterSuite tearDown" time="0.0" classname="com.WMC.base.TestBase">
    <ignored/>
  </testcase> <!-- @AfterSuite tearDown -->
</testsuite> <!-- WMC Login Test -->
