<?xml version="1.0" encoding="UTF-8"?>
<!-- Generated by org.testng.reporters.JUnitXMLReporter -->
<testsuite ignored="2" hostname="DESKTOP-R53ADIM" failures="0" tests="2" name="Article create Test" time="53.974" errors="0" timestamp="2023-09-22T22:07:11 BDT">
  <testcase classname="com.WMC.login.LoginTest" name="login" time="11.461"/>
  <testcase classname="com.WMC.testcasesProduct.AddArticle" name="goArticlesPage" time="42.485"/>
  <testcase classname="com.WMC.base.TestBase" name="@AfterSuite tearDown" time="0.0">
    <ignored/>
  </testcase> <!-- @AfterSuite tearDown -->
  <testcase classname="com.WMC.base.TestBase" name="@BeforeSuite setUP" time="0.0">
    <ignored/>
  </testcase> <!-- @BeforeSuite setUP -->
</testsuite> <!-- Article create Test -->
