<?xml version="1.0" encoding="UTF-8"?>
<!-- Generated by org.testng.reporters.JUnitXMLReporter -->
<testsuite ignored="6" hostname="DESKTOP-MP46UDD" failures="0" tests="4" name="ManualCaseCreateTest" time="277.59" errors="0" timestamp="2024-11-24T17:06:57 BDT">
  <testcase classname="com.IPEX.login.AdminLoginTest" name="AdminloginPerform" time="10.595"/>
  <testcase classname="com.IPEX.testcasesForManualCaseCreateCollectiveInvoice.ManualCase" name="createManualCase" time="63.837"/>
  <testcase classname="com.IPEX.testcasesForManualCaseCreateCollectiveInvoice.InspectorActionManualCase" name="InspectorAction" time="108.375"/>
  <testcase classname="com.IPEX.testcasesForManualCaseCreateCollectiveInvoice.AdminReportSend" name="adminSendInvoice" time="94.641"/>
  <testcase classname="com.IPEX.base.TestBase" name="@BeforeSuite setUP" time="0.0">
    <ignored/>
  </testcase> <!-- @BeforeSuite setUP -->
  <testcase classname="com.IPEX.base.TestBase" name="@AfterSuite tearDown" time="0.0">
    <ignored/>
  </testcase> <!-- @AfterSuite tearDown -->
  <testcase classname="com.IPEX.base.TestBase" name="@AfterSuite tearDown" time="0.0">
    <ignored/>
  </testcase> <!-- @AfterSuite tearDown -->
  <testcase classname="com.IPEX.base.TestBase" name="@BeforeSuite setUP" time="0.0">
    <ignored/>
  </testcase> <!-- @BeforeSuite setUP -->
  <testcase classname="com.IPEX.base.TestBase" name="@BeforeSuite setUP" time="0.0">
    <ignored/>
  </testcase> <!-- @BeforeSuite setUP -->
  <testcase classname="com.IPEX.base.TestBase" name="@AfterSuite tearDown" time="0.0">
    <ignored/>
  </testcase> <!-- @AfterSuite tearDown -->
</testsuite> <!-- ManualCaseCreateTest -->
