<?xml version="1.0" encoding="UTF-8"?>
<testng-results ignored="6" total="10" passed="3" failed="1" skipped="0">
  <reporter-output>
  </reporter-output>
  <suite started-at="2024-10-07T20:30:38 BDT" name="Suite" finished-at="2024-10-07T20:31:10 BDT" duration-ms="31422">
    <groups>
    </groups>
    <test started-at="2024-10-07T20:30:38 BDT" name="ManualCaseCreateTest" finished-at="2024-10-07T20:31:10 BDT" duration-ms="31422">
      <class name="com.IPEX.testcasesForManualCaseCreateCollectiveInvoice.AdminReportSend">
        <test-method signature="adminSendInvoice()[pri:4, instance:com.IPEX.testcasesForManualCaseCreateCollectiveInvoice.AdminReportSend@25df00a0]" started-at="2024-10-07T20:31:10 BDT" name="adminSendInvoice" finished-at="2024-10-07T20:31:10 BDT" duration-ms="9" status="FAIL">
          <exception class="org.openqa.selenium.NoSuchWindowException">
            <message>
              <![CDATA[no such window: target window already closed
from unknown error: web view not found
  (Session info: chrome=129.0.6668.90)
Build info: version: '4.11.0', revision: '040bc5406b'
System info: os.name: 'Windows 11', os.arch: 'amd64', os.version: '10.0', java.version: '21.0.2'
Driver info: org.openqa.selenium.chrome.ChromeDriver
Command: [ea66ea9fc6c4ccef1f48759682df4054, findElement {using=id, value=am-1363}]
Capabilities {acceptInsecureCerts: false, browserName: chrome, browserVersion: 129.0.6668.90, chrome: {chromedriverVersion: 129.0.6668.89 (951c0b97221f..., userDataDir: C:\Users\pc\AppData\Local\T...}, fedcm:accounts: true, goog:chromeOptions: {debuggerAddress: localhost:51786}, networkConnectionEnabled: false, pageLoadStrategy: normal, platformName: windows, proxy: Proxy(), se:cdp: ws://localhost:51786/devtoo..., se:cdpVersion: 129.0.6668.90, setWindowRect: true, strictFileInteractability: false, timeouts: {implicit: 0, pageLoad: 300000, script: 30000}, unhandledPromptBehavior: dismiss and notify, webauthn:extension:credBlob: true, webauthn:extension:largeBlob: true, webauthn:extension:minPinLength: true, webauthn:extension:prf: true, webauthn:virtualAuthenticators: true}
Session ID: ea66ea9fc6c4ccef1f48759682df4054]]>
            </message>
            <full-stacktrace>
              <![CDATA[org.openqa.selenium.NoSuchWindowException: no such window: target window already closed
from unknown error: web view not found
  (Session info: chrome=129.0.6668.90)
Build info: version: '4.11.0', revision: '040bc5406b'
System info: os.name: 'Windows 11', os.arch: 'amd64', os.version: '10.0', java.version: '21.0.2'
Driver info: org.openqa.selenium.chrome.ChromeDriver
Command: [ea66ea9fc6c4ccef1f48759682df4054, findElement {using=id, value=am-1363}]
Capabilities {acceptInsecureCerts: false, browserName: chrome, browserVersion: 129.0.6668.90, chrome: {chromedriverVersion: 129.0.6668.89 (951c0b97221f..., userDataDir: C:\Users\pc\AppData\Local\T...}, fedcm:accounts: true, goog:chromeOptions: {debuggerAddress: localhost:51786}, networkConnectionEnabled: false, pageLoadStrategy: normal, platformName: windows, proxy: Proxy(), se:cdp: ws://localhost:51786/devtoo..., se:cdpVersion: 129.0.6668.90, setWindowRect: true, strictFileInteractability: false, timeouts: {implicit: 0, pageLoad: 300000, script: 30000}, unhandledPromptBehavior: dismiss and notify, webauthn:extension:credBlob: true, webauthn:extension:largeBlob: true, webauthn:extension:minPinLength: true, webauthn:extension:prf: true, webauthn:virtualAuthenticators: true}
Session ID: ea66ea9fc6c4ccef1f48759682df4054
at java.base/jdk.internal.reflect.DirectConstructorHandleAccessor.newInstance(DirectConstructorHandleAccessor.java:62)
at java.base/java.lang.reflect.Constructor.newInstanceWithCaller(Constructor.java:502)
at java.base/java.lang.reflect.Constructor.newInstance(Constructor.java:486)
at org.openqa.selenium.remote.codec.w3c.W3CHttpResponseCodec.createException(W3CHttpResponseCodec.java:200)
at org.openqa.selenium.remote.codec.w3c.W3CHttpResponseCodec.decode(W3CHttpResponseCodec.java:133)
at org.openqa.selenium.remote.codec.w3c.W3CHttpResponseCodec.decode(W3CHttpResponseCodec.java:52)
at org.openqa.selenium.remote.HttpCommandExecutor.execute(HttpCommandExecutor.java:191)
at org.openqa.selenium.remote.service.DriverCommandExecutor.invokeExecute(DriverCommandExecutor.java:196)
at org.openqa.selenium.remote.service.DriverCommandExecutor.execute(DriverCommandExecutor.java:171)
at org.openqa.selenium.remote.RemoteWebDriver.execute(RemoteWebDriver.java:518)
at org.openqa.selenium.remote.ElementLocation$ElementFinder$2.findElement(ElementLocation.java:165)
at org.openqa.selenium.remote.ElementLocation.findElement(ElementLocation.java:66)
at org.openqa.selenium.remote.RemoteWebDriver.findElement(RemoteWebDriver.java:355)
at org.openqa.selenium.remote.RemoteWebDriver.findElement(RemoteWebDriver.java:349)
at com.IPEX.testcasesForManualCaseCreateCollectiveInvoice.AdminReportSend.adminSendInvoice(AdminReportSend.java:31)
at java.base/jdk.internal.reflect.DirectMethodHandleAccessor.invoke(DirectMethodHandleAccessor.java:103)
at java.base/java.lang.reflect.Method.invoke(Method.java:580)
at org.testng.internal.invokers.MethodInvocationHelper.invokeMethod(MethodInvocationHelper.java:135)
at org.testng.internal.invokers.TestInvoker.invokeMethod(TestInvoker.java:673)
at org.testng.internal.invokers.TestInvoker.invokeTestMethod(TestInvoker.java:220)
at org.testng.internal.invokers.MethodRunner.runInSequence(MethodRunner.java:50)
at org.testng.internal.invokers.TestInvoker$MethodInvocationAgent.invoke(TestInvoker.java:945)
at org.testng.internal.invokers.TestInvoker.invokeTestMethods(TestInvoker.java:193)
at org.testng.internal.invokers.TestMethodWorker.invokeTestMethods(TestMethodWorker.java:146)
at org.testng.internal.invokers.TestMethodWorker.run(TestMethodWorker.java:128)
at java.base/java.util.ArrayList.forEach(ArrayList.java:1596)
at org.testng.TestRunner.privateRun(TestRunner.java:808)
at org.testng.TestRunner.run(TestRunner.java:603)
at org.testng.SuiteRunner.runTest(SuiteRunner.java:429)
at org.testng.SuiteRunner.runSequentially(SuiteRunner.java:423)
at org.testng.SuiteRunner.privateRun(SuiteRunner.java:383)
at org.testng.SuiteRunner.run(SuiteRunner.java:326)
at org.testng.SuiteRunnerWorker.runSuite(SuiteRunnerWorker.java:52)
at org.testng.SuiteRunnerWorker.run(SuiteRunnerWorker.java:95)
at org.testng.TestNG.runSuitesSequentially(TestNG.java:1249)
at org.testng.TestNG.runSuitesLocally(TestNG.java:1169)
at org.testng.TestNG.runSuites(TestNG.java:1092)
at org.testng.TestNG.run(TestNG.java:1060)
at org.testng.remote.AbstractRemoteTestNG.run(AbstractRemoteTestNG.java:115)
at org.testng.remote.RemoteTestNG.initAndRun(RemoteTestNG.java:293)
at org.testng.remote.RemoteTestNG.main(RemoteTestNG.java:91)
]]>
            </full-stacktrace>
          </exception> <!-- org.openqa.selenium.NoSuchWindowException -->
          <reporter-output>
          </reporter-output>
        </test-method> <!-- adminSendInvoice -->
      </class> <!-- com.IPEX.testcasesForManualCaseCreateCollectiveInvoice.AdminReportSend -->
      <class name="com.IPEX.testcasesForManualCaseCreateCollectiveInvoice.ManualCase">
        <test-method signature="createManualCase()[pri:2, instance:com.IPEX.testcasesForManualCaseCreateCollectiveInvoice.ManualCase@7e990ed7]" started-at="2024-10-07T20:30:49 BDT" name="createManualCase" finished-at="2024-10-07T20:31:10 BDT" duration-ms="20640" status="PASS">
          <reporter-output>
          </reporter-output>
        </test-method> <!-- createManualCase -->
      </class> <!-- com.IPEX.testcasesForManualCaseCreateCollectiveInvoice.ManualCase -->
      <class name="com.IPEX.login.AdminLoginTest">
        <test-method is-config="true" signature="setUP()[pri:0, instance:com.IPEX.login.AdminLoginTest@3feb2dda]" started-at="2024-10-07T20:30:29 BDT" name="setUP" finished-at="2024-10-07T20:30:38 BDT" duration-ms="9405" status="PASS">
          <reporter-output>
          </reporter-output>
        </test-method> <!-- setUP -->
        <test-method signature="AdminloginPerform()[pri:1, instance:com.IPEX.login.AdminLoginTest@3feb2dda]" started-at="2024-10-07T20:30:38 BDT" name="AdminloginPerform" finished-at="2024-10-07T20:30:49 BDT" duration-ms="10602" status="PASS">
          <reporter-output>
          </reporter-output>
        </test-method> <!-- AdminloginPerform -->
        <test-method is-config="true" signature="tearDown()[pri:0, instance:com.IPEX.login.AdminLoginTest@3feb2dda]" started-at="2024-10-07T20:31:10 BDT" name="tearDown" finished-at="2024-10-07T20:31:10 BDT" duration-ms="137" status="PASS">
          <reporter-output>
          </reporter-output>
        </test-method> <!-- tearDown -->
      </class> <!-- com.IPEX.login.AdminLoginTest -->
      <class name="com.IPEX.testcasesForManualCaseCreateCollectiveInvoice.InspectorActionManualCase">
        <test-method signature="InspectorAction()[pri:3, instance:com.IPEX.testcasesForManualCaseCreateCollectiveInvoice.InspectorActionManualCase@c05fddc]" started-at="2024-10-07T20:31:10 BDT" name="InspectorAction" finished-at="2024-10-07T20:31:10 BDT" duration-ms="8" status="PASS">
          <reporter-output>
          </reporter-output>
        </test-method> <!-- InspectorAction -->
      </class> <!-- com.IPEX.testcasesForManualCaseCreateCollectiveInvoice.InspectorActionManualCase -->
    </test> <!-- ManualCaseCreateTest -->
  </suite> <!-- Suite -->
</testng-results>
